2025-08-30 03:25:42,819 - ai_interviewer - INFO - Loading Whisper model...
2025-08-30 03:25:49,969 - ai_interviewer - INFO - Whisper model loaded successfully
2025-08-30 03:25:50,405 - ai_interviewer - INFO - Generating interview questions using AI...
2025-08-30 03:25:50,411 - ai_interviewer - INFO -  Generated 20 interview questions
2025-08-30 03:26:27,920 - ai_interviewer - INFO - Loading Whisper model...
2025-08-30 03:26:27,988 - django.request - WARNING - Not Found: /favicon.ico
2025-08-30 03:26:31,049 - ai_interviewer - INFO - Whisper model loaded successfully
2025-08-30 03:26:31,191 - ai_interviewer - INFO - Generating interview questions using AI...
2025-08-30 03:26:31,210 - ai_interviewer - INFO -  Generated 20 interview questions
2025-08-30 03:27:43,394 - ai_interviewer - INFO - Loading Whisper model...
2025-08-30 03:27:46,508 - ai_interviewer - INFO - Whisper model loaded successfully
2025-08-30 03:27:46,806 - ai_interviewer - INFO - Generating interview questions using AI...
2025-08-30 03:27:46,810 - ai_interviewer - INFO -  Generated 20 interview questions
2025-08-30 03:56:55,063 - ai_interviewer - WARNING - Together AI not available, using mock implementation
2025-08-30 03:58:41,849 - ai_interviewer - WARNING - Together AI not available, using mock implementation
2025-08-30 03:58:47,936 - django.request - WARNING - Not Found: /favicon.ico
2025-08-30 04:02:29,806 - ai_interviewer - INFO - Loading Whisper model...
2025-08-30 04:02:29,905 - django.request - WARNING - Not Found: /favicon.ico
2025-08-30 04:02:34,997 - ai_interviewer - INFO - Whisper model loaded successfully
2025-08-30 04:02:35,273 - ai_interviewer - INFO - Generating interview questions using AI...
2025-08-30 04:02:35,276 - ai_interviewer - INFO -  Generated 20 interview questions
2025-08-31 09:51:54,014 - ai_interviewer - WARNING - Together AI not available, using mock implementation
2025-09-01 01:07:03,611 - ai_interviewer - WARNING - Together AI not available, using mock implementation
2025-09-01 01:10:55,818 - ai_interviewer - WARNING - Together AI not available, using mock implementation
2025-09-01 01:16:55,533 - ai_interviewer - WARNING - Together AI not available, using mock implementation
2025-09-01 01:18:13,219 - ai_interviewer - WARNING - Together AI not available, using mock implementation
2025-09-01 01:18:20,393 - ai_interviewer - WARNING - Together AI not available, using mock implementation
2025-09-01 01:19:22,164 - ai_interviewer - WARNING - Together AI not available, using mock implementation
2025-09-01 01:19:27,045 - django.request - WARNING - Not Found: /favicon.ico
2025-09-01 01:28:50,285 - ai_interviewer - INFO - Loading Whisper model...
2025-09-01 01:28:50,409 - django.request - WARNING - Not Found: /favicon.ico
2025-09-01 01:28:58,245 - ai_interviewer - INFO - Whisper model loaded successfully
2025-09-01 01:28:58,639 - ai_interviewer - INFO - Generating interview questions using AI...
2025-09-01 01:28:58,643 - ai_interviewer - INFO -  Generated 20 interview questions
2025-09-01 01:35:44,880 - ai_interviewer - INFO - Loading Whisper model...
2025-09-01 01:35:50,364 - ai_interviewer - INFO - Whisper model loaded successfully
2025-09-01 01:35:50,824 - ai_interviewer - INFO - Generating interview questions using AI...
2025-09-01 01:35:50,828 - ai_interviewer - INFO -  Generated 20 interview questions
2025-09-01 01:38:49,473 - ai_interviewer - WARNING - Together AI not available, using mock implementation
2025-09-01 01:40:33,456 - ai_interviewer - WARNING - Together AI not available, using mock implementation
2025-09-01 01:40:39,670 - django.request - WARNING - Not Found: /favicon.ico
2025-09-01 01:41:56,619 - ai_interviewer - INFO - Loading Whisper model...
2025-09-01 01:41:56,781 - django.request - WARNING - Not Found: /favicon.ico
2025-09-01 01:42:02,110 - ai_interviewer - INFO - Whisper model loaded successfully
2025-09-01 01:42:02,390 - ai_interviewer - INFO - Generating interview questions using AI...
2025-09-01 01:42:02,394 - ai_interviewer - INFO -  Generated 20 interview questions
2025-09-01 01:43:20,471 - ai_interviewer - INFO - Loading Whisper model...
2025-09-01 01:43:22,802 - ai_interviewer - INFO - Whisper model loaded successfully
2025-09-01 01:43:23,075 - ai_interviewer - INFO - Generating interview questions using AI...
2025-09-01 01:43:23,076 - ai_interviewer - INFO -  Generated 20 interview questions
2025-09-01 01:45:50,774 - django.request - ERROR - Internal Server Error: /interview/48/
Traceback (most recent call last):
  File "C:\Users\Lenovo\AppData\Local\Programs\Python\Python311\Lib\site-packages\django\core\handlers\exception.py", line 55, in inner
    response = get_response(request)
               ^^^^^^^^^^^^^^^^^^^^^
  File "C:\Users\Lenovo\AppData\Local\Programs\Python\Python311\Lib\site-packages\django\core\handlers\base.py", line 197, in _get_response
    response = wrapped_callback(request, *callback_args, **callback_kwargs)
               ^^^^^^^^^^^^^^^^^^^^^^^^^^^^^^^^^^^^^^^^^^^^^^^^^^^^^^^^^^^^
  File "C:\Users\Lenovo\AppData\Local\Programs\Python\Python311\Lib\site-packages\django\contrib\auth\decorators.py", line 59, in _view_wrapper
    return view_func(request, *args, **kwargs)
           ^^^^^^^^^^^^^^^^^^^^^^^^^^^^^^^^^^^
  File "C:\Users\Lenovo\OneDrive\Desktop\AIM with report correct but with no tables right\AIM\aim_project\home\views.py", line 212, in interview_detail
    return render(request, 'home/interview_detail.html', {'interview': interview})
           ^^^^^^^^^^^^^^^^^^^^^^^^^^^^^^^^^^^^^^^^^^^^^^^^^^^^^^^^^^^^^^^^^^^^^^^
  File "C:\Users\Lenovo\AppData\Local\Programs\Python\Python311\Lib\site-packages\django\shortcuts.py", line 25, in render
    content = loader.render_to_string(template_name, context, request, using=using)
              ^^^^^^^^^^^^^^^^^^^^^^^^^^^^^^^^^^^^^^^^^^^^^^^^^^^^^^^^^^^^^^^^^^^^^
  File "C:\Users\Lenovo\AppData\Local\Programs\Python\Python311\Lib\site-packages\django\template\loader.py", line 61, in render_to_string
    template = get_template(template_name, using=using)
               ^^^^^^^^^^^^^^^^^^^^^^^^^^^^^^^^^^^^^^^^
  File "C:\Users\Lenovo\AppData\Local\Programs\Python\Python311\Lib\site-packages\django\template\loader.py", line 19, in get_template
    raise TemplateDoesNotExist(template_name, chain=chain)
django.template.exceptions.TemplateDoesNotExist: home/interview_detail.html
2025-09-01 01:46:25,202 - django.request - ERROR - Internal Server Error: /interview/49/
Traceback (most recent call last):
  File "C:\Users\Lenovo\AppData\Local\Programs\Python\Python311\Lib\site-packages\django\core\handlers\exception.py", line 55, in inner
    response = get_response(request)
               ^^^^^^^^^^^^^^^^^^^^^
  File "C:\Users\Lenovo\AppData\Local\Programs\Python\Python311\Lib\site-packages\django\core\handlers\base.py", line 197, in _get_response
    response = wrapped_callback(request, *callback_args, **callback_kwargs)
               ^^^^^^^^^^^^^^^^^^^^^^^^^^^^^^^^^^^^^^^^^^^^^^^^^^^^^^^^^^^^
  File "C:\Users\Lenovo\AppData\Local\Programs\Python\Python311\Lib\site-packages\django\contrib\auth\decorators.py", line 59, in _view_wrapper
    return view_func(request, *args, **kwargs)
           ^^^^^^^^^^^^^^^^^^^^^^^^^^^^^^^^^^^
  File "C:\Users\Lenovo\OneDrive\Desktop\AIM with report correct but with no tables right\AIM\aim_project\home\views.py", line 212, in interview_detail
    return render(request, 'home/interview_detail.html', {'interview': interview})
           ^^^^^^^^^^^^^^^^^^^^^^^^^^^^^^^^^^^^^^^^^^^^^^^^^^^^^^^^^^^^^^^^^^^^^^^
  File "C:\Users\Lenovo\AppData\Local\Programs\Python\Python311\Lib\site-packages\django\shortcuts.py", line 25, in render
    content = loader.render_to_string(template_name, context, request, using=using)
              ^^^^^^^^^^^^^^^^^^^^^^^^^^^^^^^^^^^^^^^^^^^^^^^^^^^^^^^^^^^^^^^^^^^^^
  File "C:\Users\Lenovo\AppData\Local\Programs\Python\Python311\Lib\site-packages\django\template\loader.py", line 61, in render_to_string
    template = get_template(template_name, using=using)
               ^^^^^^^^^^^^^^^^^^^^^^^^^^^^^^^^^^^^^^^^
  File "C:\Users\Lenovo\AppData\Local\Programs\Python\Python311\Lib\site-packages\django\template\loader.py", line 19, in get_template
    raise TemplateDoesNotExist(template_name, chain=chain)
django.template.exceptions.TemplateDoesNotExist: home/interview_detail.html
